drews 1.0
5 590
0.77946 0.0581729 -0.0670189
0.992178 -0.0865338 0.0901229
0.0796772 0.993882 0.0770248
-0.096201 -0.0692375 0.992985
1.58687 0.125071 -0.353003
0.776268 0.0833049 -0.108688
0.995645 -0.039822 -0.0848105
0.0418522 0.999015 0.0231344
0.0838245 -0.0265728 0.996324
1.0884 0.0486778 -0.0229693
0.765964 0.0850179 -0.0979486
0.999969 0.000611652 -0.0099579
-0.000603186 1.00002 0.00265569
0.00995716 -0.00265355 0.999974
0.0286571 0.00619684 0.174422
0.791888 0.0164734 -0.0211657
0.991852 0.00139767 0.127497
-0.00655667 0.999193 0.0400343
-0.127333 -0.0405458 0.99105
-0.974142 0.00640207 0.374746
0.793642 -0.00205139 0.025119
0.981115 -0.0296851 0.191309
0.0226875 0.999007 0.038759
-0.192262 -0.0336869 0.980806
-1.41295 -0.0284141 0.193844
-0.346377 -0.611836 4.00584
29 27 31
4 3 48 0 0 22 0 2 28 0 4 50 0
-0.265269 -0.474919 4.00657
52 31 27
3 3 54 0 0 28 0 2 33 0
-1.39768 -0.9784 4.11489
178 105 67
4 3 255 0 0 100 0 1 82 0 4 275 0
-1.62312 0.515268 4.22347
20 13 10
3 3 302 0 0 107 0 1 104 0
-0.0826296 0.94683 4.61421
12 11 14
4 3 317 0 0 115 0 2 172 0 4 227 0
-0.0826296 0.94683 4.61421
12 11 14
4 3 318 0 0 116 0 2 171 0 4 228 0
-1.25672 -1.01969 4.10281
44 25 29
3 3 385 0 0 99 0 1 87 0
-0.108653 0.977185 4.60498
74 72 77
3 3 433 0 0 157 0 4 350 0
-1.18616 -0.34166 4.14089
30 23 20
3 3 1002 0 0 878 0 1 930 0
-1.65768 -0.463392 4.18457
193 125 49
4 3 1152 0 0 2191 0 1 2121 0 4 970 0
-1.65721 -1.0702 4.16648
38 30 31
4 3 1405 0 0 2629 0 1 2260 0 4 1176 0
-0.485456 -0.845366 3.46977
207 115 35
2 3 1616 0 2 3998 0
-0.572422 -0.0442967 4.06421
178 115 59
4 3 1850 0 0 5234 0 1 5001 0 4 1639 0
-1.77258 0.449164 4.23098
11 11 15
3 2 7 0 1 6 0 0 5 0
-1.77258 0.449164 4.23098
11 11 15
3 2 8 0 1 7 0 0 6 0
-1.5156 0.851451 4.47014
113 113 126
3 2 16 0 1 12 0 3 34 0
0.196706 -0.621533 3.93541
209 108 20
4 2 18 0 1 18 0 3 17 0 4 18 0
-0.344502 -0.521477 4.01258
26 24 27
4 2 36 0 1 34 0 3 53 0 4 58 0
-0.343929 -0.520944 4.0105
28 25 28
5 2 37 0 1 33 0 3 52 0 0 33 0 4 59 0
-1.50505 0.516436 4.2124
13 11 12
3 2 129 0 1 70 0 0 74 0
-1.42939 0.490977 3.98867
20 13 11
2 2 130 0 3 240 0
0.878774 -0.491954 3.84878
207 125 37
3 2 135 0 1 88 0 4 188 0
-1.72947 -1.00492 4.16558
30 27 30
5 2 145 0 1 77 0 3 404 0 0 91 0 4 249 0
-0.551669 -0.967999 4.01403
222 127 23
3 2 199 0 1 145 0 0 150 0
0.801728 -0.557953 3.85959
209 128 37
3 2 213 0 1 152 0 4 341 0
0.801728 -0.557953 3.85959
209 128 37
3 2 214 0 1 151 0 4 340 0
-0.122054 -0.961493 3.96051
214 131 32
5 2 225 0 1 189 0 0 174 0 4 379 0 3 320 0
-0.939453 -0.974307 4.07415
202 113 40
5 2 226 0 1 178 0 0 168 0 4 402 0 3 366 0
-1.33912 -0.899724 4.11262
197 121 44
3 2 295 0 1 216 0 0 252 0
1.05344 0.501105 3.87448
210 132 36
3 2 336 0 1 341 0 3 305 0
0.609734 -0.921391 3.86067
25 17 20
4 2 346 0 1 260 0 3 631 0 4 523 0
-9.15458 -3.70829 17.1523
168 164 156
3 2 366 0 1 390 0 0 920 0
-1.82842 -0.449884 4.20067
197 127 44
3 2 412 0 1 254 0 0 243 0
-1.39512 -0.932807 4.1257
45 18 29
3 2 430 0 1 241 0 0 218 0
0.698036 -0.406996 3.88182
151 82 33
4 2 438 0 1 476 0 3 605 0 4 525 0
-1.28865 -0.991173 4.1073
219 143 42
3 2 457 0 1 298 0 0 231 0
0.69928 -0.593115 3.87157
160 91 35
4 2 459 0 1 428 0 3 638 0 4 544 0
0.0258056 0.924491 4.61237
46 42 49
3 2 461 0 1 516 0 0 333 0
-0.284826 -0.768098 3.98303
131 80 52
4 2 496 0 1 521 0 3 642 0 4 546 0
-1.33459 -0.99157 4.11164
218 141 44
3 2 501 0 1 311 0 0 276 0
0.0903393 0.955187 4.53377
115 113 119
3 2 523 0 1 674 0 0 360 0
0.910827 -0.434588 3.83564
207 126 40
3 2 540 0 1 320 0 4 512 0
-1.85061 -0.202497 4.21629
21 18 20
3 2 541 0 1 282 0 0 283 0
0.0347091 -0.939266 3.94699
29 22 27
3 2 546 0 1 501 0 0 374 0
0.739946 0.4546 3.91528
215 74 29
4 2 557 0 1 303 0 4 652 0 3 841 0
0.67873 -0.809255 3.873
208 122 41
3 2 559 0 1 850 0 3 461 0
-1.44701 -0.927715 4.13116
45 17 26
3 2 561 0 1 287 0 0 240 0
0.850354 -0.869058 3.8352
95 25 33
4 2 575 0 1 333 0 4 616 0 3 733 0
-1.42939 0.0666296 4.18395
151 63 21
3 2 581 0 1 482 0 0 327 0
-1.42939 0.0666296 4.18395
151 63 21
3 2 582 0 1 483 0 0 326 0
-0.544396 -1.10173 4.00529
198 55 38
3 2 587 0 1 441 0 0 311 0
0.851038 -0.894948 3.83511
98 26 33
4 2 595 0 1 273 0 3 687 0 4 661 0
0.60537 -0.869209 3.86735
76 74 51
4 2 615 0 1 512 0 3 714 0 4 600 0
-1.24599 0.322121 4.1709
35 17 16
3 2 622 0 1 351 0 0 290 0
-0.935188 1.2477 3.96248
95 92 88
3 2 649 0 1 365 0 0 299 0
0.88427 0.556425 3.90771
25 17 14
4 2 651 0 1 411 0 4 588 0 3 694 0
-1.84873 -1.12075 4.16844
50 82 42
3 2 677 0 1 615 0 0 606 0
-1.84873 -1.12075 4.16844
50 82 42
3 2 678 0 1 614 0 0 605 0
0.770424 0.0138747 3.88579
156 80 22
3 2 680 0 1 642 0 4 506 0
-1.42468 -0.468623 4.17005
153 84 36
4 2 686 0 1 560 0 3 537 0 0 441 0
-1.42443 -0.468264 4.1674
155 89 40
5 2 687 0 1 561 0 3 536 0 0 440 0 4 451 0
-1.27718 -1.10971 4.09851
188 50 28
3 2 697 0 1 552 0 0 412 0
-1.07051 -0.835388 4.08709
220 132 23
3 2 707 0 1 639 0 0 407 0
-1.04648 -0.996049 4.07494
48 20 29
3 2 735 0 1 647 0 0 545 0
0.679322 -0.990191 3.84038
158 30 44
4 2 736 0 1 607 0 3 613 0 4 561 0
-1.16224 -0.952341 4.09515
25 14 20
3 2 737 0 1 593 0 0 323 0
-1.17818 0.0770551 4.15234
23 15 16
3 2 738 0 1 565 0 0 342 0
0.0984037 -0.938069 3.93179
31 22 25
3 2 755 0 1 551 0 0 417 0
-0.957922 1.23758 3.97925
63 63 59
3 2 757 0 1 540 0 0 281 0
-1.04373 -0.911168 4.07777
20 18 21
3 2 773 0 1 545 0 0 419 0
-1.04373 -0.911168 4.07777
20 18 21
3 2 774 0 1 546 0 0 418 0
-0.92338 -0.370543 4.09294
191 108 42
3 2 777 0 1 715 0 0 492 0
-1.3899 -0.117655 4.16609
103 50 31
3 2 779 0 1 434 0 0 320 0
-1.3899 -0.117655 4.16609
103 50 31
3 2 780 0 1 435 0 0 322 0
-1.35718 -1.0549 4.11041
107 74 55
3 2 787 0 1 574 0 0 415 0
-1.35718 -1.0549 4.11041
107 74 55
3 2 788 0 1 573 0 0 416 0
-0.922861 -0.533506 4.08309
221 130 20
3 2 800 0 1 813 0 0 641 0
-0.922565 -0.665739 4.0758
217 128 15
3 2 809 0 1 755 0 0 626 0
-0.91021 -0.993192 4.06409
46 20 30
3 2 811 0 1 583 0 0 700 0
-1.88057 0.507793 4.25991
175 110 40
3 2 816 0 1 568 0 0 490 0
-1.17246 -0.511705 4.10967
21 16 16
3 2 821 0 1 572 0 0 427 0
-1.87055 -1.07861 4.1706
78 37 24
3 2 829 0 1 530 0 0 530 0
-1.28227 -0.915115 4.1094
48 19 28
3 2 835 0 1 535 0 0 422 0
-0.425213 -0.447734 4.02443
29 21 23
3 2 839 0 1 662 0 0 353 0
-1.19131 -0.532603 4.11865
229 141 28
3 2 856 0 1 699 0 0 607 0
-0.0717984 0.445333 4.02876
168 92 32
3 2 858 0 1 751 0 0 434 0
-1.22685 -0.934611 4.10154
223 135 26
3 2 863 0 1 760 0 0 650 0
-1.22685 -0.934611 4.10154
223 135 26
3 2 864 0 1 759 0 0 649 0
-1.17303 -0.549968 4.11836
21 18 19
3 2 867 0 1 638 0 0 475 0
-1.12167 -0.949794 4.09029
23 17 21
3 2 872 0 1 493 0 0 400 0
0.479014 1.04215 4.58766
50 15 22
3 2 873 0 1 713 0 0 596 0
-0.42452 -0.481318 4.02637
27 21 22
3 2 877 0 1 690 0 0 389 0
0.895434 -0.992926 3.83359
127 30 36
4 2 884 0 1 1015 0 4 697 0 3 763 0
-1.76654 0.507699 4.24701
206 125 34
3 2 889 0 1 605 0 0 602 0
-1.17563 -0.188139 4.13597
20 16 16
3 2 895 0 1 621 0 0 457 0
-1.34419 -0.349146 4.15158
163 93 34
3 2 896 0 1 452 0 0 432 0
-1.09548 -0.47488 4.11397
21 17 20
3 2 907 0 1 679 0 0 538 0
-1.09548 -0.47488 4.11397
21 17 20
3 2 908 0 1 678 0 0 537 0
-1.17512 -0.227139 4.13437
21 15 18
3 2 916 0 1 635 0 0 483 0
-1.19123 -0.570275 4.11636
229 142 26
3 2 918 0 1 768 0 0 644 0
-1.84932 -0.752552 4.18655
25 21 25
3 2 920 0 1 632 0 0 578 0
-1.09696 0.000652448 4.13304
21 16 18
3 2 923 0 1 685 0 0 505 0
-1.09696 0.000652448 4.13304
21 16 18
3 2 924 0 1 684 0 0 504 0
-1.0972 0.0375072 4.14436
24 15 16
3 2 928 0 1 703 0 0 569 0
-0.903008 -0.513651 4.08678
23 18 20
3 2 933 0 1 693 0 0 494 0
-0.91857 -0.757138 4.07325
22 20 22
3 2 943 0 1 776 0 0 543 0
-1.64158 -1.01993 4.15072
203 102 26
3 2 947 0 1 1032 0 0 751 0
-1.24669 -0.946429 4.10144
26 14 20
3 2 948 0 1 562 0 0 479 0
-1.17416 -0.588796 4.11547
22 17 18
3 2 949 0 1 668 0 0 526 0
-1.20679 -0.975093 4.09757
46 18 25
3 2 957 0 1 683 0 0 575 0
-1.20679 -0.975093 4.09757
46 18 25
3 2 958 0 1 682 0 0 574 0
-1.34115 -0.940006 4.11583
217 142 44
3 2 959 0 1 807 0 0 734 0
-1.34115 -0.940006 4.11583
217 142 44
3 2 960 0 1 808 0 0 733 0
-1.17462 -0.153598 4.13917
21 16 16
3 2 964 0 1 706 0 0 535 0
-1.13051 -0.910944 4.095
20 17 22
3 2 968 0 1 750 0 0 683 0
-1.19144 -0.646436 4.11289
193 133 50
3 2 971 0 1 817 0 0 672 0
-1.1748 -0.626325 4.11361
24 17 20
3 2 978 0 1 696 0 0 559 0
-1.09681 0.0762026 4.14008
23 15 15
3 2 984 0 1 692 0 0 509 0
-0.923475 -0.403002 4.09111
218 143 36
3 2 985 0 1 1001 0 0 805 0
-0.0282298 0.950988 4.61752
83 81 86
3 2 986 0 1 658 0 0 523 0
0.891019 -0.862828 3.82812
99 26 32
4 2 989 0 1 786 0 3 925 0 4 786 0
-1.20594 0.363989 4.16706
34 18 17
3 2 1000 0 1 790 0 0 517 0
-1.20594 0.363989 4.16706
34 18 17
3 2 1001 0 1 789 0 0 518 0
-0.923078 -0.501028 4.08511
212 136 42
3 2 1009 0 1 962 0 0 748 0
-0.924055 -0.336352 4.09475
145 83 23
3 2 1014 0 1 959 0 0 710 0
-0.923334 -0.435221 4.08897
222 146 44
3 2 1015 0 1 1002 0 0 777 0
-1.193 -0.169621 4.13761
197 141 59
3 2 1021 0 1 843 0 0 668 0
-1.19009 -0.607823 4.11562
183 139 80
3 2 1024 0 1 830 0 0 664 0
-1.19009 -0.607823 4.11562
183 139 80
3 2 1025 0 1 831 0 0 665 0
-1.17635 -0.93198 4.09453
218 127 54
3 2 1040 0 1 889 0 0 717 0
-0.433105 -0.578659 4.02042
27 20 21
3 2 1045 0 1 792 0 0 524 0
-0.433105 -0.578659 4.02042
27 20 21
3 2 1046 0 1 791 0 0 525 0
-1.84544 -0.644935 4.18408
80 32 22
3 2 1048 0 1 861 0 0 812 0
-0.904712 -0.481869 4.08812
28 19 20
3 2 1049 0 1 714 0 0 555 0
-0.903974 -0.710308 4.07486
28 18 21
3 2 1064 0 1 797 0 0 624 0
-0.419725 -0.544699 4.018
24 20 20
3 2 1072 0 1 860 0 0 627 0
-1.18463 -0.968032 4.09546
218 143 42
3 2 1074 0 1 1031 0 0 966 0
-1.18463 -0.968032 4.09546
218 143 42
3 2 1075 0 1 1030 0 0 965 0
-0.410829 -1.10394 3.99409
130 80 56
3 2 1087 0 1 1596 0 0 1012 0
0.881375 -1.03018 3.821
160 89 59
4 2 1098 0 1 1398 0 4 642 0 3 720 0
0.881375 -1.03018 3.821
160 89 59
4 2 1099 0 1 1397 0 3 721 0 4 641 0
-0.922296 -0.732129 4.07408
168 92 52
3 2 1108 0 1 909 0 0 704 0
-1.29667 -0.937439 4.10961
219 142 45
3 2 1110 0 1 883 0 0 891 0
-0.0447799 -0.440619 3.97146
43 30 28
5 2 1113 0 1 874 0 0 613 0 3 984 0 4 825 0
-1.53652 0.512059 4.21713
154 92 47
3 2 1115 0 1 836 0 0 718 0
-0.434344 -0.610377 4.0199
26 19 20
3 2 1118 0 1 852 0 0 612 0
-1.22935 -0.969097 4.10122
215 139 43
3 2 1133 0 1 1016 0 0 955 0
-1.22935 -0.969097 4.10122
215 139 43
3 2 1134 0 1 1017 0 0 954 0
-0.0427238 -0.409089 3.97922
34 25 29
3 2 1137 0 1 907 0 0 631 0
-0.043949 -0.40916 3.97536
45 29 29
5 2 1138 0 1 906 0 3 983 0 0 630 0 4 820 0
-0.903692 -0.680214 4.07673
26 17 20
3 2 1145 0 1 911 0 0 693 0
-0.903414 -0.647153 4.07804
27 17 19
3 2 1157 0 1 969 0 0 674 0
-0.86116 -0.383431 4.07949
26 18 19
3 2 1165 0 1 866 0 0 696 0
-0.86116 -0.383431 4.07949
26 18 19
3 2 1166 0 1 867 0 0 697 0
-1.59379 0.511333 4.22402
193 84 41
3 2 1167 0 1 951 0 0 895 0
-1.13717 -0.357473 4.11984
159 98 47
3 2 1179 0 1 1237 0 0 1008 0
-1.13717 -0.357473 4.11984
159 98 47
3 2 1180 0 1 1236 0 0 1007 0
-1.26733 -0.892474 4.11051
215 142 62
3 2 1202 0 1 1213 0 0 1373 0
-1.26733 -0.892474 4.11051
215 142 62
3 2 1203 0 1 1212 0 0 1374 0
-1.15199 -0.0383362 4.14065
20 15 18
3 2 1206 0 1 913 0 0 723 0
-1.15199 -0.0383362 4.14065
20 15 18
3 2 1207 0 1 914 0 0 724 0
-1.15189 -1.05162 4.08299
148 94 60
3 2 1208 0 1 1135 0 0 1147 0
-1.15189 -1.05162 4.08299
148 94 60
3 2 1209 0 1 1136 0 0 1146 0
-0.0637957 -0.425098 3.97908
172 118 86
3 2 1212 0 1 1340 0 0 1094 0
-0.0637957 -0.425098 3.97908
172 118 86
3 2 1213 0 1 1341 0 0 1095 0
-0.80911 -0.37043 4.08512
154 101 69
3 2 1214 0 1 1121 0 0 1022 0
-0.571958 -0.0445335 4.06635
188 122 57
5 2 1216 0 1 1791 0 0 1474 0 3 600 0 4 595 0
-0.571958 -0.0445335 4.06635
188 122 57
5 2 1217 0 1 1792 0 0 1473 0 3 599 0 4 596 0
-0.806128 -0.350456 4.07597
27 19 21
3 2 1219 0 1 921 0 0 686 0
-1.15034 -0.626366 4.10935
22 17 17
3 2 1237 0 1 905 0 0 830 0
-1.15034 -0.626366 4.10935
22 17 17
3 2 1238 0 1 904 0 0 829 0
-1.28797 -0.886326 4.12327
45 18 26
3 2 1239 0 1 929 0 0 886 0
-1.69731 0.487736 4.23707
13 25 18
3 2 1245 0 1 822 0 0 880 0
-0.495673 -0.560747 4.02648
128 78 53
3 2 1261 0 1 1219 0 0 988 0
-0.0420639 -0.37561 3.97907
34 25 30
3 2 1266 0 1 987 0 0 655 0
-0.0420639 -0.37561 3.97907
34 25 30
3 2 1267 0 1 988 0 0 654 0
-1.09095 -0.992746 4.07427
45 19 26
3 2 1268 0 1 1169 0 0 1459 0
-0.879439 -0.448742 4.0846
22 18 19
3 2 1269 0 1 955 0 0 774 0
-0.879439 -0.448742 4.0846
22 18 19
3 2 1270 0 1 956 0 0 773 0
-1.3952 -0.465671 4.15527
150 70 27
3 2 1272 0 1 1194 0 0 969 0
-0.906712 -0.352015 4.09133
27 19 19
3 2 1274 0 1 984 0 0 708 0
-1.33488 -1.05382 4.10683
29 21 22
3 2 1276 0 1 828 0 0 761 0
-0.922404 -0.698909 4.07559
164 92 49
3 2 1282 0 1 1037 0 0 858 0
-1.15119 -0.512832 4.1133
22 17 17
3 2 1286 0 1 938 0 0 822 0
-1.59405 0.533642 4.22616
50 46 41
3 2 1301 0 1 947 0 0 782 0
-0.90386 -0.581995 4.08043
27 18 17
3 2 1302 0 1 942 0 0 703 0
-1.20559 -0.873444 4.09632
16 30 24
3 2 1307 0 1 1054 0 0 967 0
-1.29222 0.0709648 4.16367
148 78 34
3 2 1311 0 1 1629 0 0 1258 0
-0.405529 -0.526007 4.0153
110 59 37
3 2 1315 0 1 997 0 0 1037 0
-0.405529 -0.526007 4.0153
110 59 37
3 2 1316 0 1 996 0 0 1036 0
-0.906321 -0.449146 4.08807
26 17 19
3 2 1332 0 1 902 0 0 689 0
-0.709357 -0.829463 4.04059
159 105 67
3 2 1342 0 1 1131 0 0 1053 0
-0.709357 -0.829463 4.04059
159 105 67
3 2 1343 0 1 1130 0 0 1052 0
-1.14844 -0.663311 4.1055
20 17 21
3 2 1353 0 1 967 0 0 837 0
-0.442263 -0.364884 4.03689
145 91 71
3 2 1354 0 1 1072 0 0 939 0
-0.442263 -0.364884 4.03689
145 91 71
3 2 1355 0 1 1071 0 0 940 0
-1.07928 0.0181353 4.13477
81 38 24
3 2 1356 0 1 1191 0 0 889 0
-1.07928 0.0181353 4.13477
81 38 24
3 2 1357 0 1 1192 0 0 890 0
-0.457027 -0.609435 4.02034
27 18 20
3 2 1358 0 1 1187 0 0 846 0
-0.42878 -1.08873 3.99089
41 24 25
3 2 1368 0 1 1200 0 0 1081 0
-0.383745 -0.494837 4.01906
148 91 66
3 2 1374 0 1 1199 0 0 1010 0
-0.520382 -0.72596 4.02539
132 75 58
3 2 1382 0 1 1162 0 0 1238 0
-0.520382 -0.72596 4.02539
132 75 58
3 2 1383 0 1 1163 0 0 1237 0
-1.19088 -0.720002 4.10923
28 95 49
3 2 1386 0 1 1118 0 0 1064 0
-1.19088 -0.720002 4.10923
28 95 49
3 2 1387 0 1 1117 0 0 1065 0
-0.441096 -0.496675 4.03305
138 90 67
3 2 1388 0 1 1089 0 0 983 0
-0.522139 -0.331728 4.04514
132 78 49
3 2 1390 0 1 1246 0 0 1135 0
-0.890596 -0.727035 4.07878
163 108 73
3 2 1392 0 1 1869 0 0 1738 0
-0.862509 -0.83299 4.05974
195 128 62
3 2 1394 0 1 1516 0 0 1312 0
-0.862509 -0.83299 4.05974
195 128 62
3 2 1395 0 1 1515 0 0 1313 0
-1.17364 -0.40752 4.12326
65 28 18
3 2 1396 0 1 1127 0 0 828 0
-1.17364 -0.40752 4.12326
65 28 18
3 2 1397 0 1 1128 0 0 827 0
-0.383656 -0.428779 4.01951
146 92 65
3 2 1403 0 1 1310 0 0 977 0
-0.383656 -0.428779 4.01951
146 92 65
3 2 1404 0 1 1309 0 0 976 0
-0.545563 -1.04502 4.00773
79 45 38
3 2 1410 0 1 1238 0 0 1320 0
-0.545563 -1.04502 4.00773
79 45 38
3 2 1411 0 1 1239 0 0 1321 0
-0.996804 -0.993139 4.07226
51 19 28
3 2 1412 0 1 1667 0 0 1817 0
-0.464497 -0.772995 4.0136
150 97 53
3 2 1419 0 1 1373 0 0 1140 0
-0.464497 -0.772995 4.0136
150 97 53
3 2 1420 0 1 1374 0 0 1141 0
-1.04032 0.131984 4.13631
105 53 36
3 2 1422 0 1 1308 0 0 962 0
-1.04032 0.131984 4.13631
105 53 36
3 2 1423 0 1 1307 0 0 961 0
-1.05284 0.182193 4.14053
102 48 34
3 2 1426 0 1 1202 0 0 1027 0
-1.05284 0.182193 4.14053
102 48 34
3 2 1427 0 1 1201 0 0 1026 0
-0.884736 -0.645818 4.07662
24 17 18
3 2 1437 0 1 986 0 0 871 0
-0.884736 -0.645818 4.07662
24 17 18
3 2 1438 0 1 985 0 0 872 0
-0.44708 -0.38216 4.03551
29 20 21
3 2 1440 0 1 1186 0 0 876 0
-1.15204 -0.225813 4.1287
19 16 16
3 2 1447 0 1 1058 0 0 932 0
-1.15204 -0.225813 4.1287
19 16 16
3 2 1448 0 1 1057 0 0 931 0
-1.15274 -0.113997 4.1348
20 16 17
3 2 1461 0 1 1040 0 0 856 0
-0.383837 -0.363407 4.02437
148 92 66
3 2 1465 0 1 1227 0 0 1056 0
-0.383837 -0.363407 4.02437
148 92 66
3 2 1466 0 1 1226 0 0 1057 0
-0.295939 -0.428828 4.00663
99 49 36
3 2 1471 0 1 1149 0 0 865 0
-1.15003 -0.15188 4.12937
22 16 18
3 2 1480 0 1 1091 0 0 964 0
-1.15003 -0.15188 4.12937
22 16 18
3 2 1481 0 1 1090 0 0 963 0
-1.154 -0.0773554 4.13744
20 15 17
3 2 1483 0 1 1105 0 0 974 0
-1.154 -0.0773554 4.13744
20 15 17
3 2 1484 0 1 1104 0 0 973 0
-0.298035 -0.770563 3.99508
157 96 57
3 2 1490 0 1 1685 0 0 1424 0
-1.11263 -0.319007 4.11846
212 145 68
3 2 1491 0 1 1648 0 0 1477 0
-1.11263 -0.319007 4.11846
212 145 68
3 2 1492 0 1 1649 0 0 1476 0
-1.15988 -0.320122 4.12696
121 72 47
3 2 1497 0 1 1183 0 0 1085 0
-1.15988 -0.320122 4.12696
121 72 47
3 2 1498 0 1 1184 0 0 1086 0
-1.15919 0.314838 4.15514
139 78 46
3 2 1502 0 1 1487 0 0 1369 0
-1.15919 0.314838 4.15514
139 78 46
3 2 1503 0 1 1486 0 0 1368 0
-1.1927 -0.0575458 4.14357
28 100 50
3 2 1512 0 1 1139 0 0 1040 0
-1.1927 -0.0575458 4.14357
28 100 50
3 2 1513 0 1 1138 0 0 1039 0
-1.15032 -0.702081 4.1067
23 18 18
3 2 1526 0 1 1092 0 0 1009 0
-1.14269 -0.0584679 4.13481
190 119 60
3 2 1527 0 1 1519 0 0 1334 0
-0.521081 -0.495791 4.03723
129 76 52
3 2 1535 0 1 1301 0 0 1127 0
-0.835235 -0.335724 4.08424
148 90 50
3 2 1552 0 1 1528 0 0 1348 0
-0.383422 -0.461458 4.01844
153 98 71
3 2 1554 0 1 1256 0 0 1108 0
-0.383422 -0.461458 4.01844
153 98 71
3 2 1555 0 1 1255 0 0 1107 0
-0.449541 -0.331296 4.03611
149 88 65
3 2 1576 0 1 1365 0 0 1160 0
-1.86456 -0.89113 4.18148
125 77 58
3 2 1585 0 1 1355 0 0 1330 0
-1.82623 -1.04958 4.16757
111 70 46
3 2 1589 0 1 1472 0 0 1422 0
-1.14491 -0.132893 4.13292
189 128 47
3 2 1597 0 1 1454 0 0 1376 0
-1.14491 -0.132893 4.13292
189 128 47
3 2 1598 0 1 1455 0 0 1375 0
-0.398273 -0.346961 4.02274
31 21 24
3 2 1605 0 1 1248 0 0 1024 0
-1.73924 -0.744563 4.17724
24 18 20
3 2 1607 0 1 1263 0 0 1167 0
-1.14332 -0.682849 4.10593
185 125 67
3 2 1613 0 1 1510 0 0 1520 0
-1.24367 0.51556 4.17702
89 34 25
3 2 1617 0 1 1207 0 0 1002 0
-1.46479 -0.937088 4.1318
212 139 49
3 2 1627 0 1 1652 0 0 1607 0
-0.462805 -0.396038 4.03221
119 63 42
3 2 1632 0 1 1445 0 0 1216 0
-1.5199 0.788837 4.51184
136 105 117
3 2 1635 0 1 1368 0 0 1133 0
-1.5199 0.788837 4.51184
136 105 117
3 2 1636 0 1 1367 0 0 1132 0
-0.85809 -0.417552 4.08276
25 16 19
3 2 1637 0 1 1168 0 0 1058 0
-1.10569 -0.45585 4.11079
199 131 68
3 2 1638 0 1 1465 0 0 1412 0
-1.10569 -0.45585 4.11079
199 131 68
3 2 1639 0 1 1466 0 0 1411 0
-1.19303 0.113779 4.15688
18 15 15
3 2 1640 0 1 1416 0 0 1199 0
-1.10721 0.0562068 4.13757
195 121 54
3 2 1643 0 1 1479 0 0 1327 0
-1.10721 0.0562068 4.13757
195 121 54
3 2 1644 0 1 1480 0 0 1326 0
-1.14163 -0.568735 4.11357
148 94 66
3 2 1647 0 1 1569 0 0 1489 0
-1.14163 -0.568735 4.11357
148 94 66
3 2 1648 0 1 1570 0 0 1488 0
-1.36035 0.0694035 4.17193
138 67 31
3 2 1660 0 1 1400 0 0 1251 0
-1.36035 0.0694035 4.17193
138 67 31
3 2 1661 0 1 1401 0 0 1252 0
-0.398144 -0.37922 4.02485
28 19 21
3 2 1666 0 1 1287 0 0 952 0
-0.240081 -0.492383 3.99862
183 123 78
3 2 1672 0 1 1721 0 0 1416 0
-0.240169 -0.459596 4.00084
184 126 86
3 2 1673 0 1 1694 0 0 1392 0
-1.10737 0.0940548 4.1396
196 132 68
3 2 1682 0 1 1624 0 0 1380 0
0.795164 -0.86225 3.84422
101 26 35
3 2 1685 0 1 1299 0 4 837 0
-1.03275 -0.890003 4.07917
184 121 66
3 2 1699 0 1 1460 0 0 1449 0
-1.03275 -0.890003 4.07917
184 121 66
3 2 1700 0 1 1462 0 0 1451 0
-1.03275 -0.890003 4.07917
184 121 66
3 2 1701 0 1 1461 0 0 1450 0
-0.238133 -0.360905 4.00715
132 81 53
3 2 1702 0 1 1422 0 0 1126 0
-0.238133 -0.360905 4.00715
132 81 53
3 2 1703 0 1 1423 0 0 1125 0
-0.250691 -0.328011 4.01034
164 104 77
3 2 1724 0 1 1730 0 0 1721 0
-0.250691 -0.328011 4.01034
164 104 77
3 2 1725 0 1 1731 0 0 1722 0
-0.462778 -0.428828 4.03222
116 61 41
3 2 1727 0 1 1378 0 0 1192 0
-1.65063 0.511997 4.23001
204 125 30
3 2 1732 0 1 1332 0 0 1356 0
-0.875353 -0.351218 4.08679
24 16 18
3 2 1736 0 1 1262 0 0 1083 0
-0.875353 -0.351218 4.08679
24 16 18
3 2 1737 0 1 1261 0 0 1084 0
-1.08107 0.408919 4.14379
187 108 37
3 2 1745 0 1 1361 0 0 1261 0
-1.08107 0.408919 4.14379
187 108 37
3 2 1746 0 1 1362 0 0 1262 0
-0.449494 -0.528237 4.02605
137 84 56
3 2 1747 0 1 1338 0 0 1117 0
-0.449494 -0.528237 4.02605
155 95 49
3 2 1748 0 1 1337 0 0 1116 0
-0.989673 -0.948268 4.07115
20 14 16
3 2 1750 0 1 1323 0 0 1285 0
-0.449132 -0.626603 4.02025
139 89 61
3 2 1751 0 1 1352 0 0 1226 0
-1.16357 -0.0959955 4.13822
189 135 78
3 2 1756 0 1 1554 0 0 1344 0
-1.16357 -0.0959955 4.13822
189 135 78
3 2 1757 0 1 1553 0 0 1343 0
-0.905176 -0.387868 4.09686
26 15 19
3 2 1759 0 1 1205 0 0 1098 0
-0.46219 -0.658255 4.01739
114 60 41
3 2 1763 0 1 1384 0 0 1179 0
-0.46219 -0.658255 4.01739
114 60 41
3 2 1764 0 1 1385 0 0 1180 0
-0.97026 -0.888497 4.07274
188 123 69
3 2 1770 0 1 1616 0 0 1479 0
-0.97026 -0.888497 4.07274
188 123 69
3 2 1771 0 1 1618 0 0 1478 0
-1.19815 -0.320086 4.13246
204 165 56
3 2 1818 0 1 1842 0 0 1748 0
-0.0944568 -1.0952 3.94346
130 85 63
3 2 1822 0 1 1545 0 0 2037 0
-1.1155 0.36737 4.157
37 18 15
3 2 1829 0 1 1417 0 0 1305 0
-1.13423 -0.888393 4.09245
161 104 77
3 2 1836 0 1 1490 0 0 1506 0
-1.13423 -0.888393 4.09245
161 104 77
3 2 1837 0 1 1491 0 0 1507 0
-1.13423 -0.888393 4.09245
161 104 77
3 2 1838 0 1 1489 0 0 1505 0
-0.449223 -0.692157 4.01552
134 88 60
3 2 1850 0 1 1388 0 0 1208 0
-0.449223 -0.692157 4.01552
134 88 60
3 2 1851 0 1 1387 0 0 1207 0
-1.46893 -0.874342 4.13435
197 109 58
3 2 1860 0 1 1944 0 0 1664 0
-1.41493 -0.932955 4.1131
214 142 57
3 2 1865 0 1 1860 0 0 2079 0
-1.16284 -0.209595 4.1336
189 125 61
3 2 1874 0 1 1478 0 0 1453 0
-1.16284 -0.209595 4.1336
189 125 61
3 2 1875 0 1 1477 0 0 1454 0
-1.14184 -0.169583 4.13024
198 132 68
3 2 1881 0 1 1853 0 0 1635 0
-1.14184 -0.169583 4.13024
198 132 68
3 2 1882 0 1 1852 0 0 1634 0
-0.454606 -0.445173 4.02906
26 19 19
3 2 1885 0 1 1343 0 0 1096 0
-0.454606 -0.445173 4.02906
26 19 19
3 2 1886 0 1 1342 0 0 1097 0
-1.8534 -1.06607 4.16993
22 18 21
3 2 1888 0 1 1512 0 0 1350 0
-0.392171 -0.723091 4.00114
148 95 65
3 2 1895 0 1 1861 0 0 2006 0
-0.837425 -0.834641 4.06145
175 117 81
3 2 1913 0 1 1812 0 0 1557 0
-0.837425 -0.834641 4.06145
175 117 81
3 2 1914 0 1 1811 0 0 1558 0
-1.08207 0.055712 4.13762
182 122 82
3 2 1931 0 1 1714 0 0 1566 0
-1.08207 0.055712 4.13762
182 122 82
3 2 1932 0 1 1713 0 0 1567 0
-1.51969 -0.920924 4.13666
43 12 18
3 2 1938 0 1 1602 0 0 1464 0
-1.09027 -0.83694 4.08991
25 19 22
3 2 1941 0 1 1296 0 0 1148 0
-0.871166 -1.10665 4.05334
98 57 40
3 2 1950 0 1 1548 0 0 1875 0
-1.14043 -0.644542 4.10529
195 132 67
3 2 1954 0 1 1719 0 0 1655 0
-1.14043 -0.644542 4.10529
195 132 67
3 2 1955 0 1 1718 0 0 1654 0
-1.16146 -0.609116 4.11228
185 120 62
3 2 1956 0 1 1470 0 0 1363 0
-1.16146 -0.609116 4.11228
185 120 62
3 2 1957 0 1 1471 0 0 1362 0
-1.06429 -0.281755 4.11308
98 45 30
3 2 1968 0 1 1705 0 0 1571 0
-1.65023 -0.857398 4.15955
210 102 28
3 2 2017 0 1 1431 0 0 1593 0
-0.863906 -0.462559 4.07992
170 111 77
3 2 2038 0 1 1913 0 0 1803 0
-0.863906 -0.462559 4.07992
170 111 77
3 2 2039 0 1 1912 0 0 1804 0
-1.73101 -1.06388 4.15332
28 16 16
3 2 2056 0 1 1575 0 0 1767 0
-1.73101 -1.06388 4.15332
28 16 16
3 2 2057 0 1 1574 0 0 1766 0
-0.835297 -0.498327 4.07552
163 106 66
3 2 2060 0 1 1839 0 0 1830 0
-0.835297 -0.498327 4.07552
163 106 66
3 2 2061 0 1 1840 0 0 1829 0
-1.08009 -0.494412 4.10855
179 122 87
3 2 2062 0 1 1769 0 0 1582 0
-1.08009 -0.494412 4.10855
179 122 87
3 2 2063 0 1 1770 0 0 1583 0
-0.144316 0.935754 4.6292
72 71 75
3 2 2064 0 1 1917 0 0 1458 0
-0.885093 -0.417844 4.08404
25 16 17
3 2 2071 0 1 1474 0 0 1270 0
-0.259582 -0.526455 4.00017
165 98 65
3 2 2074 0 1 1816 0 0 1552 0
-0.259582 -0.526455 4.00017
165 98 65
3 2 2075 0 1 1817 0 0 1553 0
-0.140995 -1.09628 3.95424
129 83 60
3 2 2081 0 1 1542 0 0 1387 0
-1.87104 -0.573047 4.2013
169 115 71
3 2 2091 0 1 1712 0 0 1731 0
-0.892398 -0.49576 4.08476
159 98 62
3 2 2112 0 1 1941 0 0 1732 0
-1.17375 -0.758438 4.10664
152 83 54
3 2 2117 0 1 1722 0 0 1500 0
-1.17375 -0.758438 4.10664
152 83 54
3 2 2118 0 1 1723 0 0 1499 0
-1.06635 0.130617 4.13478
104 53 35
3 2 2143 0 1 1697 0 0 1630 0
-1.06635 0.130617 4.13478
104 53 35
3 2 2144 0 1 1698 0 0 1631 0
-1.86221 -0.928363 4.18337
179 121 56
3 2 2171 0 1 1953 0 0 2061 0
-1.77423 0.249003 4.23644
15 15 19
4 2 2244 0 1 2105 0 3 1140 0 0 2163 0
-1.51275 0.899113 4.47391
127 127 136
3 2 2293 0 1 2090 0 4 883 0
0.121123 -0.709062 3.93018
27 25 30
3 2 2357 0 1 2238 0 4 980 0
-1.78762 -1.01372 4.16649
21 22 26
3 2 2365 0 1 2134 0 0 2346 0
0.495793 -0.970283 3.87657
207 59 34
3 2 2367 0 1 2125 0 3 1167 0
-0.49806 0.930605 4.54676
72 16 22
3 2 2399 0 1 2192 0 0 2266 0
0.878689 0.599195 3.89941
119 123 122
4 2 2406 0 1 2196 0 3 1132 0 4 950 0
-1.61332 0.569864 4.20741
123 125 133
3 2 2410 0 1 2208 0 0 2404 0
-0.816072 -0.352191 4.08975
24 16 18
3 2 2444 0 1 2412 0 0 2550 0
-0.804085 -0.436569 4.10755
23 19 22
3 2 2459 0 1 2427 0 0 2556 0
-1.71123 -0.533328 4.17555
28 24 26
3 2 2473 0 1 2444 0 0 2575 0
1.04405 -0.788704 3.81211
188 114 43
3 2 2513 0 1 2461 0 4 1074 0
0.954568 -0.901725 3.81586
81 24 38
4 2 2524 0 1 2472 0 3 1277 0 4 1086 0
-1.49353 -0.973263 4.13857
173 106 60
5 2 2526 0 1 2254 0 0 2625 0 4 1189 0 3 1417 0
0.912385 -0.968628 3.81867
131 30 37
3 2 2534 0 1 2481 0 3 1290 0
-1.72401 -1.1144 4.16696
149 93 55
3 2 2545 0 1 2265 0 4 1303 0
-0.0451424 1.00539 4.59422
30 26 30
5 2 2649 0 1 2345 0 0 2673 0 3 1361 0 4 1160 0
1.03658 0.485067 3.87457
211 130 30
4 2 2666 0 1 2362 0 3 1381 0 4 1018 0
-1.71048 0.51203 4.23133
15 26 17
5 2 2668 0 1 2380 0 3 1456 0 0 2483 0 4 1223 0
-1.09604 0.34851 4.16791
29 17 16
3 2 2688 0 1 2393 0 0 2493 0
-1.25805 -1.02384 4.10478
46 27 31
3 2 2710 0 1 2500 0 0 2993 0
-1.40367 -1.02934 4.12404
43 27 28
3 2 2713 0 1 2502 0 0 2997 0
-1.79149 -1.07674 4.16989
21 22 26
3 2 2717 0 1 2507 0 0 3001 0
0.927206 -1.02097 3.81594
38 29 31
3 2 2718 0 1 2489 0 4 1301 0
0.0378426 0.957009 4.60115
95 93 99
3 2 2838 0 1 2603 0 0 2680 0
-1.92834 0.512054 4.25713
9 9 12
3 2 2851 0 1 2642 0 0 2792 0
-1.24956 0.473492 4.17572
205 125 23
3 2 2857 0 1 2383 0 0 2481 0
-1.79853 -0.0382778 4.20586
16 16 19
3 2 2878 0 1 2401 0 0 2526 0
-0.912389 -0.711189 4.06528
41 19 15
3 2 2915 0 1 2458 0 0 2587 0
-0.493824 -0.779179 4.01891
110 60 47
3 2 2923 0 1 2717 0 0 2935 0
-1.08585 -0.920426 4.08341
18 17 19
3 2 2943 0 1 2484 0 0 2617 0
0.807638 -0.892047 3.84538
206 100 33
3 2 2944 0 1 2730 0 3 1413 0
0.720772 -0.889909 3.84499
152 50 24
3 2 2945 0 1 2731 0 3 1412 0
0.215359 1.0138 4.61452
97 74 77
3 2 2969 0 1 3041 0 0 3107 0
-0.110559 0.976993 4.60159
77 78 84
5 2 2976 0 1 3054 0 0 3118 0 3 1770 0 4 1409 0
-0.0022514 0.953627 4.61716
89 87 92
3 2 2981 0 1 3059 0 0 3124 0
1.04268 0.546241 3.88411
15 12 11
4 2 3004 0 1 3090 0 3 1782 0 4 1422 0
-1.80097 0.524803 4.25403
13 12 14
3 2 3028 0 1 3125 0 0 3260 0
-1.85277 0.523561 4.2615
14 11 13
3 2 3029 0 1 3126 0 0 3264 0
-1.2269 0.204895 4.15913
17 15 17
3 2 3051 0 1 3150 0 0 3303 0
-1.27015 -0.0435305 4.14408
208 132 42
4 2 3068 0 1 3174 0 0 3358 0 4 1362 0
-1.11416 -0.257925 4.14307
20 18 21
3 2 3085 0 1 3197 0 0 3406 0
-1.1815 -0.382155 4.13324
20 18 21
3 2 3101 0 1 3210 0 0 3435 0
0.676354 -0.37866 3.87962
216 135 42
3 2 3103 0 1 3202 0 4 1349 0
-1.08779 -0.427903 4.12125
20 19 23
3 2 3106 0 1 3217 0 0 3448 0
-0.85732 -0.530106 4.08555
23 19 22
3 2 3123 0 1 3230 0 0 3479 0
-1.81394 -0.595889 4.20131
23 21 24
3 2 3128 0 1 3236 0 0 3510 0
-1.84593 -0.619369 4.19329
224 123 76
3 2 3132 0 1 3242 0 0 3515 0
-0.945346 -0.753767 4.06977
22 20 23
3 2 3146 0 1 3267 0 0 3538 0
-1.82958 -0.778858 4.18534
194 126 49
3 2 3148 0 1 3282 0 0 3559 0
-1.33067 -0.851767 4.11499
43 19 25
3 2 3164 0 1 3309 0 0 3576 0
-1.51123 -0.881556 4.14012
151 50 34
3 2 3178 0 1 3325 0 0 3588 0
-1.81134 -0.911922 4.17905
23 22 26
3 2 3184 0 1 3352 0 0 3608 0
-1.36818 -0.928329 4.1123
44 20 27
3 2 3194 0 1 3351 0 0 3607 0
-1.47 -0.950327 4.13002
180 103 43
3 2 3197 0 1 3369 0 0 3632 0
0.143129 -0.930591 3.92499
26 24 29
3 2 3200 0 1 3327 0 0 3584 0
-1.25783 -0.961072 4.10493
42 21 29
3 2 3202 0 1 3368 0 0 3631 0
-1.15814 -0.963272 4.10565
39 20 28
3 2 3205 0 1 3362 0 0 3625 0
0.677012 -0.929672 3.85504
97 23 39
4 2 3209 0 1 3319 0 3 1626 0 4 1515 0
-0.0454244 -0.961523 3.94911
215 133 31
5 2 3224 0 1 3346 0 0 3604 0 3 1623 0 4 1517 0
-1.18277 -0.986474 4.0961
221 146 41
3 2 3225 0 1 3375 0 0 3637 0
-0.158325 -0.980094 3.95966
53 25 37
3 2 3233 0 1 3360 0 0 3617 0
-0.0839336 -0.981781 3.9537
53 27 40
3 2 3234 0 1 3359 0 0 3616 0
1.02455 -0.957854 3.81111
30 23 25
4 2 3237 0 1 3332 0 3 1633 0 4 1528 0
-1.30853 -1.01928 4.10933
44 22 28
3 2 3240 0 1 3383 0 0 3645 0
-1.66679 -1.04853 4.15851
39 26 26
3 2 3244 0 1 3392 0 0 3649 0
-7.95765 -12.944 35.9992
104 96 78
4 1 2516 0 0 3011 0 4 1120 0 3 1201 0
-1.12224 -0.594586 4.11179
19 18 21
3 2 3313 0 1 3234 0 0 3501 0
-0.257909 -0.380013 4.00871
28 25 27
3 2 3545 0 1 3803 0 0 3412 0
-1.80397 -0.270549 4.20741
23 18 22
3 2 3561 0 1 3828 0 0 4069 0
-1.17803 -0.265051 4.13398
20 18 19
3 2 3562 0 1 3836 0 0 4094 0
-1.82053 -0.200372 4.21984
22 18 19
3 2 3571 0 1 3845 0 0 4104 0
-1.17457 -0.118245 4.13253
21 16 17
3 2 3579 0 1 3872 0 0 4152 0
-1.03667 0.163762 4.14055
19 16 19
3 2 3617 0 1 3954 0 0 4247 0
-1.24548 0.322545 4.17076
34 17 16
3 2 3627 0 1 3977 0 0 4274 0
-1.0796 0.365173 4.16171
32 19 17
3 2 3631 0 1 3980 0 0 4287 0
-1.14814 0.391599 4.16051
217 138 33
3 2 3637 0 1 3982 0 0 4290 0
-1.6984 0.443737 4.22814
19 16 14
3 2 3646 0 1 4853 0 0 4288 0
-1.66868 0.498414 4.21904
15 12 12
3 2 3656 0 1 3998 0 0 5024 0
-1.14926 1.19174 4.11148
75 88 94
3 2 3773 0 1 4170 0 0 4515 0
-1.28971 -0.991454 4.10974
218 143 42
3 2 3994 0 1 3489 0 0 4623 0
-1.18385 -0.988956 4.09651
221 146 42
3 2 3995 0 1 3491 0 0 4625 0
-1.02672 -0.977898 4.08397
220 127 22
3 2 4003 0 1 3499 0 0 3746 0
-0.778342 -0.971824 4.04586
219 124 19
3 2 4004 0 1 3507 0 0 3755 0
-1.10133 -0.970677 4.08636
199 75 21
3 2 4009 0 1 3500 0 0 3748 0
0.608701 -0.920337 3.85992
23 16 19
4 2 4013 0 1 3576 0 4 1549 0 3 1907 0
-1.36084 -0.968848 4.11631
48 19 28
3 2 4014 0 1 3496 0 0 4629 0
-1.16197 -0.955018 4.09305
31 16 24
3 2 4019 0 1 3514 0 0 3759 0
-0.966029 -0.948396 4.0788
18 17 20
3 2 4023 0 1 3530 0 0 3773 0
-1.53455 -0.916429 4.13893
40 20 27
3 2 4042 0 1 3540 0 0 3786 0
-0.959556 -0.888437 4.071
120 58 32
3 2 4051 0 1 3570 0 0 3814 0
0.717523 -0.828943 3.86282
33 24 20
4 2 4055 0 1 3625 0 4 1567 0 3 1888 0
-0.286287 -0.769248 3.98857
139 87 52
3 2 4078 0 1 3636 0 3 1875 0
-1.99056 -0.656428 4.20401
127 27 46
3 2 4100 0 1 3656 0 0 3884 0
-1.19164 0.242074 4.15586
17 14 15
3 2 4332 0 1 4895 0 0 5123 0
-1.19032 0.192842 4.15706
18 16 16
3 2 4337 0 1 4912 0 0 5141 0
-1.177 0.0772295 4.14215
22 15 17
3 2 4358 0 1 3915 0 0 4205 0
-1.17771 -0.0757407 4.14258
19 17 17
3 2 4390 0 1 3433 0 0 4158 0
-1.85436 -0.106519 4.22125
25 13 15
3 2 4397 0 1 5032 0 0 5327 0
-1.89457 -0.272027 4.21546
19 17 19
3 2 4432 0 1 3825 0 0 5455 0
-0.434082 -0.317894 4.036
28 22 23
3 2 4441 0 1 5083 0 0 5385 0
-1.14511 -0.334665 4.12623
19 17 17
3 2 4445 0 1 5125 0 0 5464 0
-1.1891 -0.342022 4.12495
26 17 16
3 2 4454 0 1 5139 0 0 5473 0
-1.81277 -0.394324 4.20809
24 20 23
3 2 4492 0 1 5216 0 0 5562 0
-1.89007 -0.427528 4.20823
20 18 21
3 2 4517 0 1 5258 0 0 5605 0
-1.80763 -0.429357 4.20198
23 19 23
3 2 4520 0 1 5249 0 0 5598 0
-0.0635821 -0.425037 3.97468
162 105 74
3 2 4524 0 1 5181 0 0 5477 0
-0.878406 -0.448996 4.08248
22 17 20
3 2 4537 0 1 5234 0 0 5557 0
-1.17825 -0.506552 4.12214
21 16 20
3 2 4576 0 1 5309 0 0 5641 0
-1.81999 -0.570146 4.18727
52 21 17
3 2 4614 0 1 5382 0 0 5733 0
-0.881507 -0.614691 4.08435
25 19 18
3 2 4653 0 1 5390 0 0 5723 0
-1.98261 -0.659802 4.20634
116 31 48
3 2 4682 0 1 5466 0 0 5804 0
-1.69154 -0.686513 4.16496
29 22 22
3 2 4690 0 1 5479 0 0 5808 0
-1.87293 -0.735607 4.18763
21 23 26
3 2 4719 0 1 5502 0 0 5841 0
-0.902078 -0.741578 4.07287
23 20 22
3 2 4729 0 1 5488 0 0 5819 0
-0.731465 -0.816051 4.03559
25 18 21
3 2 4770 0 1 5528 0 0 5867 0
-1.2891 -0.855121 4.11029
43 18 26
3 2 4783 0 1 3583 0 0 3819 0
-1.25549 -0.876972 4.11597
31 22 25
3 2 4790 0 1 5582 0 0 5911 0
-1.28923 -0.883055 4.11586
44 18 25
3 2 4791 0 1 5592 0 0 5916 0
-1.31868 -0.886835 4.11153
42 17 26
3 2 4793 0 1 5599 0 0 5920 0
-1.1218 -0.916824 4.09118
20 18 19
3 2 4811 0 1 5616 0 0 3797 0
-1.87571 -0.941368 4.17573
21 17 20
3 2 4823 0 1 5684 0 0 5990 0
-1.00504 -0.933654 4.07578
90 41 28
3 2 4825 0 1 5636 0 0 5943 0
-1.34263 -0.937424 4.11625
216 141 42
3 2 4827 0 1 5658 0 0 5967 0
-1.12214 -0.946801 4.09097
23 16 20
3 2 4834 0 1 5657 0 0 5966 0
-9.12353 -3.76052 16.9251
255 255 253
3 2 4848 0 1 5708 0 0 6037 0
-0.984368 -0.97195 4.0619
199 63 19
3 2 4877 0 1 5679 0 0 5992 0
-1.45702 -0.990899 4.12352
135 57 29
3 2 4883 0 1 5703 0 0 6016 0
-1.04681 -0.998376 4.07818
49 20 30
3 2 4900 0 1 5699 0 0 4624 0
-1.67068 -1.01608 4.14971
189 31 38
3 2 4909 0 1 5718 0 0 6041 0
-1.73597 -1.03269 4.15686
23 20 24
3 2 4919 0 1 5729 0 0 6050 0
-1.86756 -1.10533 4.16999
20 21 24
3 2 4944 0 1 3460 0 0 4603 0
-0.04581 -0.961309 3.95319
212 131 31
4 2 221 0 0 165 0 3 281 0 4 284 0
-0.117199 0.448013 4.03258
152 82 42
3 2 526 0 0 185 0 1 317 0
-1.34419 -0.349146 4.15158
163 93 34
3 2 897 0 0 433 0 1 453 0
-0.976407 -0.834552 4.07093
173 107 55
3 2 999 0 0 1004 0 1 1304 0
-1.29222 0.0709648 4.16367
148 78 34
3 2 1312 0 0 1259 0 1 1630 0
-1.11738 0.0756127 4.13876
24 15 15
3 2 1329 0 0 785 0 1 1004 0
-1.2593 0.408251 4.16968
135 59 19
3 2 1431 0 0 1324 0 1 1793 0
-0.44708 -0.38216 4.03551
29 20 21
3 2 1441 0 0 875 0 1 1185 0
-0.39734 -0.478212 4.02375
28 18 23
3 2 1454 0 0 915 0 1 1158 0
-0.39734 -0.478212 4.02375
28 18 23
3 2 1455 0 0 914 0 1 1159 0
-1.86456 -0.89113 4.18148
125 77 58
3 2 1584 0 0 1329 0 1 1356 0
-1.30564 -0.872676 4.11457
218 151 69
3 2 1587 0 0 2077 0 1 1974 0
-1.15709 -0.358527 4.12456
193 133 75
3 2 1612 0 0 1632 0 1 1871 0
-0.462805 -0.396038 4.03221
119 63 42
3 2 1631 0 0 1215 0 1 1444 0
-0.892398 -0.49576 4.08476
159 98 62
3 2 2111 0 0 1733 0 1 1940 0
-1.78888 -0.691603 4.19133
22 21 25
3 2 2356 0 0 2330 0 1 2241 0
-1.55185 -0.866447 4.13795
38 19 27
3 2 2936 0 0 2609 0 1 2479 0
-0.999793 -0.970173 4.05343
222 125 29
3 2 3211 0 0 3635 0 1 3371 0
-0.412841 -0.965198 4.00388
204 119 34
4 2 3217 0 0 3612 0 3 1617 0 4 1512 0
-1.16557 0.508699 4.17701
18 13 15
3 2 3662 0 0 4329 0 1 4004 0
-0.989699 -0.966863 4.06027
214 115 28
3 2 4008 0 0 3752 0 1 3503 0
-1.84794 0.212856 4.23825
17 13 17
3 2 4335 0 0 5163 0 1 4916 0
-1.17287 -0.550679 4.11793
21 18 20
3 2 4602 0 0 3950 0 1 5344 0
-1.44437 -1.00796 4.12332
43 21 28
3 2 4907 0 0 6032 0 1 5710 0
-1.64315 -1.01872 4.15702
206 101 28
3 2 4913 0 0 4615 0 1 5715 0
-0.427015 -0.349574 4.03057
41 30 29
4 1 669 0 0 372 0 4 792 0 3 920 0
0.196706 -0.621533 3.93541
209 108 20
4 3 18 0 1 17 0 2 19 0 4 19 0
7.39994 -13.7788 37.7163
255 255 254
3 3 25 0 1 43 0 4 15 0
7.39994 -13.7788 37.7163
255 255 254
3 3 26 0 1 42 0 4 16 0
0.178711 0.28687 2.4865
197 126 53
2 3 369 0 2 150 0
1.03943 -1.02727 3.80019
98 56 42
3 3 724 0 1 533 0 4 608 0
-0.167665 0.431993 4.00811
216 138 35
2 3 1136 0 2 2414 0
0.0386419 0.958685 4.60781
94 88 96
3 3 1364 0 1 2348 0 4 1163 0
0.642952 -0.9095 3.86226
163 27 60
3 3 1619 0 1 3310 0 4 1507 0
1.08193 0.614506 3.85956
125 128 122
3 3 22 0 2 23 0 4 13 0
1.08193 0.614506 3.85956
125 128 122
3 3 23 0 2 22 0 4 12 0
-0.345466 -0.611159 4.00299
27 26 29
3 3 47 0 2 29 0 4 49 0
1.68923 0.979214 2.66629
95 132 45
2 3 74 0 2 113 0
0.983416 0.541599 3.88095
17 13 11
2 3 110 0 2 66 0
0.983416 0.541599 3.88095
17 13 11
2 3 111 0 2 65 0
1.04798 0.543769 3.87703
16 14 14
2 3 119 0 2 63 0
-0.999268 1.23614 3.95568
104 103 99
2 3 250 0 2 88 0
1.68694 1.00687 2.64544
83 123 42
2 3 278 0 2 188 0
1.46567 0.785218 3.17554
14 23 5
3 3 377 0 2 162 0 4 293 0
0.872176 -0.193476 3.86527
209 126 26
3 3 383 0 2 207 0 4 303 0
0.900028 -0.526771 3.84368
155 85 40
2 3 454 0 2 449 0
0.900028 -0.526771 3.84368
155 85 40
2 3 455 0 2 448 0
0.635516 0.434998 3.91469
205 25 20
2 3 476 0 2 348 0
-1.06611 1.24 3.52795
48 52 57
2 3 503 0 2 302 0
0.800666 -0.289096 3.87316
177 99 17
3 3 538 0 2 265 0 4 526 0
0.800666 -0.289096 3.87316
177 99 17
3 3 539 0 2 266 0 4 527 0
-1.28886 -0.778559 4.0837
171 108 52
3 3 622 0 2 332 0 4 580 0
-1.28886 -0.778559 4.0837
171 108 52
3 3 623 0 2 331 0 4 579 0
0.703087 -0.531514 3.86934
164 90 26
3 3 626 0 2 486 0 4 576 0
0.703087 -0.531514 3.86934
164 90 26
3 3 627 0 2 487 0 4 577 0
0.699266 -0.592626 3.87197
164 93 32
3 3 639 0 2 458 0 4 545 0
1.61392 1.03506 2.65859
54 89 21
2 3 664 0 2 519 0
1.61392 1.03506 2.65859
54 89 21
2 3 665 0 2 518 0
0.851087 -0.894557 3.83424
99 26 29
3 3 686 0 2 594 0 4 662 0
0.60524 -0.869458 3.86859
66 63 41
3 3 713 0 2 614 0 4 599 0
-1.12851 -0.890903 4.10263
83 52 43
3 3 854 0 2 569 0 4 730 0
-1.02789 0.858187 4.45078
80 17 25
2 3 1021 0 2 2230 0
0.983527 0.365022 3.89739
207 125 23
2 3 1025 0 2 2224 0
-1.17923 0.266497 4.22505
20 19 22
2 3 1030 0 2 2221 0
-0.192933 0.884431 4.60383
10 9 11
3 3 1044 0 2 2232 0 4 855 0
0.0546134 1.19458 3.84009
15 20 20
2 3 1046 0 2 2274 0
0.70954 0.415435 3.87833
208 94 26
2 3 1069 0 2 2248 0
0.718385 0.206785 3.90399
210 127 22
3 3 1074 0 2 2243 0 4 902 0
0.7152 -0.469558 3.88263
180 100 24
3 3 1082 0 2 2301 0 4 908 0
1.07053 -0.863573 3.78139
27 27 32
2 3 1094 0 2 2290 0
-1.20923 -0.411235 4.14726
37 49 44
3 3 1150 0 2 2350 0 4 969 0
-1.28818 0.197998 4.15599
199 124 38
3 3 1211 0 2 2692 0 4 1036 0
-1.90126 -0.216117 4.21687
27 26 29
3 3 1225 0 2 2436 0 4 1048 0
0.761871 -0.843262 3.85493
140 45 37
3 3 1263 0 2 2515 0 4 1076 0
0.80546 -0.897015 3.84435
209 97 28
2 3 1270 0 2 2521 0
0.574089 -0.910518 3.86288
27 21 22
3 3 1272 0 2 2525 0 4 1085 0
0.889859 -0.934321 3.8223
113 38 36
3 3 1281 0 2 2528 0 4 1093 0
0.643636 -0.96091 3.85443
180 38 48
3 3 1284 0 2 2530 0 4 1094 0
0.403526 -1.00505 3.8722
33 23 25
3 3 1291 0 2 2540 0 4 1098 0
0.844919 -0.992711 3.82589
25 56 26
3 3 1292 0 2 2539 0 4 1099 0
0.173255 1.25225 3.85567
102 95 80
2 3 1327 0 2 2609 0
1.08609 0.532298 3.8608
10 10 11
3 3 1376 0 2 2659 0 4 1014 0
-1.76705 0.559567 4.24642
130 131 139
3 3 1383 0 2 2663 0 4 1022 0
-0.306303 0.401211 3.43582
212 132 30
2 3 1389 0 2 2674 0
0.0285594 0.418816 4.00922
213 134 31
2 3 1392 0 2 2680 0
-1.6669 0.452289 4.24951
187 116 37
3 3 1395 0 2 2678 0 4 1030 0
0.686265 -0.312192 3.87388
214 131 30
3 3 1434 0 2 2891 0 4 1205 0
1.08903 0.392382 3.88656
12 11 11
2 3 1453 0 2 2862 0
-0.00876108 0.884872 4.60878
92 77 85
3 3 1471 0 2 2843 0 4 1242 0
0.127319 0.884402 4.54111
102 90 99
2 3 1472 0 2 2841 0
0.676933 -0.439922 3.87106
210 128 29
3 3 1560 0 2 3114 0 4 1344 0
0.678359 -0.560082 3.86724
211 129 30
2 3 1566 0 2 3130 0
-0.84026 -0.972319 4.05975
201 110 45
2 3 1610 0 2 3210 0
1.55682 1.04979 2.6785
105 139 55
2 3 1674 0 2 3348 0
-0.643045 1.01971 9.45643
191 117 28
2 3 1792 0 2 3040 0
0.80346 -0.935646 3.8397
106 26 33
3 4 741 0 1 641 0 3 876 0
0.715945 -0.044079 3.89143
215 133 34
3 4 903 0 1 2108 0 2 2239 0
0.863602 -0.760486 3.84204
148 76 32
4 4 541 0 2 922 0 3 528 0 1 705 0
0.148896 -0.758381 3.9376
76 39 28
3 4 582 0 2 565 0 3 609 0
-1.35938 -0.966631 4.11416
90 42 40
3 4 710 0 2 475 0 3 818 0
0.514913 -0.912389 3.87814
68 36 25
3 4 771 0 2 946 0 3 868 0
0.862417 0.538472 3.89601
169 75 37
3 4 785 0 2 1244 0 3 901 0
0.804021 -0.934606 3.83719
106 28 32
3 4 1090 0 2 2529 0 3 1282 0
0.132357 1.1985 3.82768
17 21 22
3 4 1268 0 2 2778 0 3 1495 0
